CRITICAL - 2024-07-06 22:43:32 --> ErrorException: Undefined property: App\Controllers\Cli::$input
[Method: GET, Route: cli/garbage_collection]
in APPPATH/Controllers/Cli.php on line 13.
 1 APPPATH/Controllers/Cli.php(13): CodeIgniter\Debug\Exceptions->errorHandler(2, 'Undefined property: App\\Controllers\\Cli::$input', '/home3/hicksdo/public_html/app/Controllers/Cli.php', 13)
 2 SYSTEMPATH/CodeIgniter.php(933): App\Controllers\Cli->garbage_collection()
 3 SYSTEMPATH/CodeIgniter.php(509): CodeIgniter\CodeIgniter->runController(Object(App\Controllers\Cli))
 4 SYSTEMPATH/CodeIgniter.php(355): CodeIgniter\CodeIgniter->handleRequest(null, Object(Config\Cache), false)
 5 SYSTEMPATH/Boot.php(325): CodeIgniter\CodeIgniter->run()
 6 SYSTEMPATH/Boot.php(67): CodeIgniter\Boot::runCodeIgniter(Object(CodeIgniter\CodeIgniter))
 7 FCPATH/index.php(56): CodeIgniter\Boot::bootWeb(Object(Config\Paths))
CRITICAL - 2024-07-06 22:45:52 --> Error: Class "App\Controllers\Twilio\Rest\Client" not found
[Method: GET, Route: cli/garbage_collection]
in APPPATH/Controllers/Cli.php on line 19.
 1 SYSTEMPATH/CodeIgniter.php(933): App\Controllers\Cli->garbage_collection()
 2 SYSTEMPATH/CodeIgniter.php(509): CodeIgniter\CodeIgniter->runController(Object(App\Controllers\Cli))
 3 SYSTEMPATH/CodeIgniter.php(355): CodeIgniter\CodeIgniter->handleRequest(null, Object(Config\Cache), false)
 4 SYSTEMPATH/Boot.php(325): CodeIgniter\CodeIgniter->run()
 5 SYSTEMPATH/Boot.php(67): CodeIgniter\Boot::runCodeIgniter(Object(CodeIgniter\CodeIgniter))
 6 FCPATH/index.php(56): CodeIgniter\Boot::bootWeb(Object(Config\Paths))
CRITICAL - 2024-07-06 22:49:43 --> Error: Class "App\Controllers\Twilio\Rest\Client" not found
[Method: GET, Route: cli/garbage_collection]
in APPPATH/Controllers/Cli.php on line 22.
 1 SYSTEMPATH/CodeIgniter.php(933): App\Controllers\Cli->garbage_collection()
 2 SYSTEMPATH/CodeIgniter.php(509): CodeIgniter\CodeIgniter->runController(Object(App\Controllers\Cli))
 3 SYSTEMPATH/CodeIgniter.php(355): CodeIgniter\CodeIgniter->handleRequest(null, Object(Config\Cache), false)
 4 SYSTEMPATH/Boot.php(325): CodeIgniter\CodeIgniter->run()
 5 SYSTEMPATH/Boot.php(67): CodeIgniter\Boot::runCodeIgniter(Object(CodeIgniter\CodeIgniter))
 6 FCPATH/index.php(56): CodeIgniter\Boot::bootWeb(Object(Config\Paths))
CRITICAL - 2024-07-06 22:49:52 --> Error: Class "App\Controllers\Client" not found
[Method: GET, Route: cli/garbage_collection]
in APPPATH/Controllers/Cli.php on line 22.
 1 SYSTEMPATH/CodeIgniter.php(933): App\Controllers\Cli->garbage_collection()
 2 SYSTEMPATH/CodeIgniter.php(509): CodeIgniter\CodeIgniter->runController(Object(App\Controllers\Cli))
 3 SYSTEMPATH/CodeIgniter.php(355): CodeIgniter\CodeIgniter->handleRequest(null, Object(Config\Cache), false)
 4 SYSTEMPATH/Boot.php(325): CodeIgniter\CodeIgniter->run()
 5 SYSTEMPATH/Boot.php(67): CodeIgniter\Boot::runCodeIgniter(Object(CodeIgniter\CodeIgniter))
 6 FCPATH/index.php(56): CodeIgniter\Boot::bootWeb(Object(Config\Paths))
CRITICAL - 2024-07-06 22:49:59 --> Error: Class "App\Controllers\Twilio\Rest\Client" not found
[Method: GET, Route: cli/garbage_collection]
in APPPATH/Controllers/Cli.php on line 22.
 1 SYSTEMPATH/CodeIgniter.php(933): App\Controllers\Cli->garbage_collection()
 2 SYSTEMPATH/CodeIgniter.php(509): CodeIgniter\CodeIgniter->runController(Object(App\Controllers\Cli))
 3 SYSTEMPATH/CodeIgniter.php(355): CodeIgniter\CodeIgniter->handleRequest(null, Object(Config\Cache), false)
 4 SYSTEMPATH/Boot.php(325): CodeIgniter\CodeIgniter->run()
 5 SYSTEMPATH/Boot.php(67): CodeIgniter\Boot::runCodeIgniter(Object(CodeIgniter\CodeIgniter))
 6 FCPATH/index.php(56): CodeIgniter\Boot::bootWeb(Object(Config\Paths))
CRITICAL - 2024-07-06 22:50:08 --> ErrorException: Undefined property: App\Controllers\Cli::$load
[Method: GET, Route: cli/garbage_collection]
in APPPATH/Controllers/Cli.php on line 25.
 1 APPPATH/Controllers/Cli.php(25): CodeIgniter\Debug\Exceptions->errorHandler(2, 'Undefined property: App\\Controllers\\Cli::$load', '/home3/hicksdo/public_html/app/Controllers/Cli.php', 25)
 2 SYSTEMPATH/CodeIgniter.php(933): App\Controllers\Cli->garbage_collection()
 3 SYSTEMPATH/CodeIgniter.php(509): CodeIgniter\CodeIgniter->runController(Object(App\Controllers\Cli))
 4 SYSTEMPATH/CodeIgniter.php(355): CodeIgniter\CodeIgniter->handleRequest(null, Object(Config\Cache), false)
 5 SYSTEMPATH/Boot.php(325): CodeIgniter\CodeIgniter->run()
 6 SYSTEMPATH/Boot.php(67): CodeIgniter\Boot::runCodeIgniter(Object(CodeIgniter\CodeIgniter))
 7 FCPATH/index.php(56): CodeIgniter\Boot::bootWeb(Object(Config\Paths))
CRITICAL - 2024-07-06 22:50:36 --> ErrorException: Undefined property: App\Controllers\Cli::$load
[Method: GET, Route: cli/garbage_collection]
in APPPATH/Controllers/Cli.php on line 22.
 1 APPPATH/Controllers/Cli.php(22): CodeIgniter\Debug\Exceptions->errorHandler(2, 'Undefined property: App\\Controllers\\Cli::$load', '/home3/hicksdo/public_html/app/Controllers/Cli.php', 22)
 2 SYSTEMPATH/CodeIgniter.php(933): App\Controllers\Cli->garbage_collection()
 3 SYSTEMPATH/CodeIgniter.php(509): CodeIgniter\CodeIgniter->runController(Object(App\Controllers\Cli))
 4 SYSTEMPATH/CodeIgniter.php(355): CodeIgniter\CodeIgniter->handleRequest(null, Object(Config\Cache), false)
 5 SYSTEMPATH/Boot.php(325): CodeIgniter\CodeIgniter->run()
 6 SYSTEMPATH/Boot.php(67): CodeIgniter\Boot::runCodeIgniter(Object(CodeIgniter\CodeIgniter))
 7 FCPATH/index.php(56): CodeIgniter\Boot::bootWeb(Object(Config\Paths))
CRITICAL - 2024-07-06 22:51:20 --> ErrorException: Undefined property: App\Controllers\Cli::$Notification_model
[Method: GET, Route: cli/garbage_collection]
in APPPATH/Controllers/Cli.php on line 23.
 1 APPPATH/Controllers/Cli.php(23): CodeIgniter\Debug\Exceptions->errorHandler(2, 'Undefined property: App\\Controllers\\Cli::$Notification_model', '/home3/hicksdo/public_html/app/Controllers/Cli.php', 23)
 2 SYSTEMPATH/CodeIgniter.php(933): App\Controllers\Cli->garbage_collection()
 3 SYSTEMPATH/CodeIgniter.php(509): CodeIgniter\CodeIgniter->runController(Object(App\Controllers\Cli))
 4 SYSTEMPATH/CodeIgniter.php(355): CodeIgniter\CodeIgniter->handleRequest(null, Object(Config\Cache), false)
 5 SYSTEMPATH/Boot.php(325): CodeIgniter\CodeIgniter->run()
 6 SYSTEMPATH/Boot.php(67): CodeIgniter\Boot::runCodeIgniter(Object(CodeIgniter\CodeIgniter))
 7 FCPATH/index.php(56): CodeIgniter\Boot::bootWeb(Object(Config\Paths))
CRITICAL - 2024-07-06 22:52:02 --> Error: Class "MY_Model" not found
[Method: GET, Route: cli/garbage_collection]
in APPPATH/Models/Notification_model.php on line 2.
 1 SYSTEMPATH/Autoloader/Autoloader.php(317): include_once()
 2 SYSTEMPATH/Autoloader/Autoloader.php(296): CodeIgniter\Autoloader\Autoloader->includeFile('/home3/hicksdo/public_html/app/Models/Notification_model.php')
 3 SYSTEMPATH/Autoloader/Autoloader.php(272): CodeIgniter\Autoloader\Autoloader->loadInNamespace('App\\Models\\Notification_model')
 4 APPPATH/Controllers/Cli.php(23): CodeIgniter\Autoloader\Autoloader->loadClass('App\\Models\\Notification_model')
 5 SYSTEMPATH/CodeIgniter.php(933): App\Controllers\Cli->garbage_collection()
 6 SYSTEMPATH/CodeIgniter.php(509): CodeIgniter\CodeIgniter->runController(Object(App\Controllers\Cli))
 7 SYSTEMPATH/CodeIgniter.php(355): CodeIgniter\CodeIgniter->handleRequest(null, Object(Config\Cache), false)
 8 SYSTEMPATH/Boot.php(325): CodeIgniter\CodeIgniter->run()
 9 SYSTEMPATH/Boot.php(67): CodeIgniter\Boot::runCodeIgniter(Object(CodeIgniter\CodeIgniter))
10 FCPATH/index.php(56): CodeIgniter\Boot::bootWeb(Object(Config\Paths))
CRITICAL - 2024-07-06 22:54:07 --> Error: Class "MY_Model" not found
[Method: GET, Route: cli/garbage_collection]
in APPPATH/Models/Notification_model.php on line 2.
 1 SYSTEMPATH/Autoloader/Autoloader.php(317): include_once()
 2 SYSTEMPATH/Autoloader/Autoloader.php(296): CodeIgniter\Autoloader\Autoloader->includeFile('/home3/hicksdo/public_html/app/Models/Notification_model.php')
 3 SYSTEMPATH/Autoloader/Autoloader.php(272): CodeIgniter\Autoloader\Autoloader->loadInNamespace('App\\Models\\Notification_model')
 4 APPPATH/Controllers/Cli.php(23): CodeIgniter\Autoloader\Autoloader->loadClass('App\\Models\\Notification_model')
 5 SYSTEMPATH/CodeIgniter.php(933): App\Controllers\Cli->garbage_collection()
 6 SYSTEMPATH/CodeIgniter.php(509): CodeIgniter\CodeIgniter->runController(Object(App\Controllers\Cli))
 7 SYSTEMPATH/CodeIgniter.php(355): CodeIgniter\CodeIgniter->handleRequest(null, Object(Config\Cache), false)
 8 SYSTEMPATH/Boot.php(325): CodeIgniter\CodeIgniter->run()
 9 SYSTEMPATH/Boot.php(67): CodeIgniter\Boot::runCodeIgniter(Object(CodeIgniter\CodeIgniter))
10 FCPATH/index.php(56): CodeIgniter\Boot::bootWeb(Object(Config\Paths))
CRITICAL - 2024-07-06 22:54:08 --> Error: Class "MY_Model" not found
[Method: GET, Route: cli/garbage_collection]
in APPPATH/Models/Notification_model.php on line 2.
 1 SYSTEMPATH/Autoloader/Autoloader.php(317): include_once()
 2 SYSTEMPATH/Autoloader/Autoloader.php(296): CodeIgniter\Autoloader\Autoloader->includeFile('/home3/hicksdo/public_html/app/Models/Notification_model.php')
 3 SYSTEMPATH/Autoloader/Autoloader.php(272): CodeIgniter\Autoloader\Autoloader->loadInNamespace('App\\Models\\Notification_model')
 4 APPPATH/Controllers/Cli.php(23): CodeIgniter\Autoloader\Autoloader->loadClass('App\\Models\\Notification_model')
 5 SYSTEMPATH/CodeIgniter.php(933): App\Controllers\Cli->garbage_collection()
 6 SYSTEMPATH/CodeIgniter.php(509): CodeIgniter\CodeIgniter->runController(Object(App\Controllers\Cli))
 7 SYSTEMPATH/CodeIgniter.php(355): CodeIgniter\CodeIgniter->handleRequest(null, Object(Config\Cache), false)
 8 SYSTEMPATH/Boot.php(325): CodeIgniter\CodeIgniter->run()
 9 SYSTEMPATH/Boot.php(67): CodeIgniter\Boot::runCodeIgniter(Object(CodeIgniter\CodeIgniter))
10 FCPATH/index.php(56): CodeIgniter\Boot::bootWeb(Object(Config\Paths))
CRITICAL - 2024-07-06 22:55:26 --> ErrorException: Could not check compatibility between App\Models\NotificationModel::initModel(CodeIgniter\HTTP\RequestInterface $request, CodeIgniter\HTTP\ResponseInterface $response, Psr\Log\LoggerInterface $logger) and App\Models\BaseModel::initModel(App\Models\RequestInterface $request, App\Models\ResponseInterface $response, App\Models\LoggerInterface $logger), because class App\Models\RequestInterface is not available
[Method: GET, Route: cli/garbage_collection]
in APPPATH/Models/NotificationModel.php on line 11.
 1 [internal function]: CodeIgniter\Debug\Exceptions->shutdownHandler()
CRITICAL - 2024-07-06 22:56:47 --> Error: Class "App\BaseModel" not found
[Method: GET, Route: cli/garbage_collection]
in APPPATH/Models/NotificationModel.php on line 6.
 1 SYSTEMPATH/Autoloader/Autoloader.php(317): include_once()
 2 SYSTEMPATH/Autoloader/Autoloader.php(296): CodeIgniter\Autoloader\Autoloader->includeFile('/home3/hicksdo/public_html/app/Models/NotificationModel.php')
 3 SYSTEMPATH/Autoloader/Autoloader.php(272): CodeIgniter\Autoloader\Autoloader->loadInNamespace('App\\Models\\NotificationModel')
 4 APPPATH/Controllers/Cli.php(23): CodeIgniter\Autoloader\Autoloader->loadClass('App\\Models\\NotificationModel')
 5 SYSTEMPATH/CodeIgniter.php(933): App\Controllers\Cli->garbage_collection()
 6 SYSTEMPATH/CodeIgniter.php(509): CodeIgniter\CodeIgniter->runController(Object(App\Controllers\Cli))
 7 SYSTEMPATH/CodeIgniter.php(355): CodeIgniter\CodeIgniter->handleRequest(null, Object(Config\Cache), false)
 8 SYSTEMPATH/Boot.php(325): CodeIgniter\CodeIgniter->run()
 9 SYSTEMPATH/Boot.php(67): CodeIgniter\Boot::runCodeIgniter(Object(CodeIgniter\CodeIgniter))
10 FCPATH/index.php(56): CodeIgniter\Boot::bootWeb(Object(Config\Paths))
CRITICAL - 2024-07-06 22:57:04 --> Error: Call to undefined method CodeIgniter\Database\MySQLi\Connection::select()
[Method: GET, Route: cli/garbage_collection]
in APPPATH/Models/NotificationModel.php on line 18.
 1 APPPATH/Controllers/Cli.php(24): App\Models\NotificationModel->get_notifications()
 2 SYSTEMPATH/CodeIgniter.php(933): App\Controllers\Cli->garbage_collection()
 3 SYSTEMPATH/CodeIgniter.php(509): CodeIgniter\CodeIgniter->runController(Object(App\Controllers\Cli))
 4 SYSTEMPATH/CodeIgniter.php(355): CodeIgniter\CodeIgniter->handleRequest(null, Object(Config\Cache), false)
 5 SYSTEMPATH/Boot.php(325): CodeIgniter\CodeIgniter->run()
 6 SYSTEMPATH/Boot.php(67): CodeIgniter\Boot::runCodeIgniter(Object(CodeIgniter\CodeIgniter))
 7 FCPATH/index.php(56): CodeIgniter\Boot::bootWeb(Object(Config\Paths))
CRITICAL - 2024-07-06 23:03:03 --> Error: Call to undefined method CodeIgniter\Database\MySQLi\Connection::select()
[Method: GET, Route: cli/garbage_collection]
in APPPATH/Models/NotificationModel.php on line 18.
 1 APPPATH/Controllers/Cli.php(25): App\Models\NotificationModel->get_notifications()
 2 SYSTEMPATH/CodeIgniter.php(933): App\Controllers\Cli->garbage_collection()
 3 SYSTEMPATH/CodeIgniter.php(509): CodeIgniter\CodeIgniter->runController(Object(App\Controllers\Cli))
 4 SYSTEMPATH/CodeIgniter.php(355): CodeIgniter\CodeIgniter->handleRequest(null, Object(Config\Cache), false)
 5 SYSTEMPATH/Boot.php(325): CodeIgniter\CodeIgniter->run()
 6 SYSTEMPATH/Boot.php(67): CodeIgniter\Boot::runCodeIgniter(Object(CodeIgniter\CodeIgniter))
 7 FCPATH/index.php(56): CodeIgniter\Boot::bootWeb(Object(Config\Paths))
CRITICAL - 2024-07-06 23:04:25 --> ErrorException: Undefined variable $builder
[Method: GET, Route: cli/garbage_collection]
in APPPATH/Models/NotificationModel.php on line 18.
 1 APPPATH/Models/NotificationModel.php(18): CodeIgniter\Debug\Exceptions->errorHandler(2, 'Undefined variable $builder', '/home3/hicksdo/public_html/app/Models/NotificationModel.php', 18)
 2 APPPATH/Controllers/Cli.php(25): App\Models\NotificationModel->get_notifications()
 3 SYSTEMPATH/CodeIgniter.php(933): App\Controllers\Cli->garbage_collection()
 4 SYSTEMPATH/CodeIgniter.php(509): CodeIgniter\CodeIgniter->runController(Object(App\Controllers\Cli))
 5 SYSTEMPATH/CodeIgniter.php(355): CodeIgniter\CodeIgniter->handleRequest(null, Object(Config\Cache), false)
 6 SYSTEMPATH/Boot.php(325): CodeIgniter\CodeIgniter->run()
 7 SYSTEMPATH/Boot.php(67): CodeIgniter\Boot::runCodeIgniter(Object(CodeIgniter\CodeIgniter))
 8 FCPATH/index.php(56): CodeIgniter\Boot::bootWeb(Object(Config\Paths))
CRITICAL - 2024-07-06 23:04:48 --> ErrorException: Undefined property: mysqli::$since_date
[Method: GET, Route: cli/garbage_collection]
in APPPATH/Controllers/Cli.php on line 30.
 1 APPPATH/Controllers/Cli.php(30): CodeIgniter\Debug\Exceptions->errorHandler(2, 'Undefined property: mysqli::$since_date', '/home3/hicksdo/public_html/app/Controllers/Cli.php', 30)
 2 SYSTEMPATH/CodeIgniter.php(933): App\Controllers\Cli->garbage_collection()
 3 SYSTEMPATH/CodeIgniter.php(509): CodeIgniter\CodeIgniter->runController(Object(App\Controllers\Cli))
 4 SYSTEMPATH/CodeIgniter.php(355): CodeIgniter\CodeIgniter->handleRequest(null, Object(Config\Cache), false)
 5 SYSTEMPATH/Boot.php(325): CodeIgniter\CodeIgniter->run()
 6 SYSTEMPATH/Boot.php(67): CodeIgniter\Boot::runCodeIgniter(Object(CodeIgniter\CodeIgniter))
 7 FCPATH/index.php(56): CodeIgniter\Boot::bootWeb(Object(Config\Paths))
